Build started 4/2/2014 11:35:13 AM.
     1>Project "U:\GitHub\Solver_4_2\file\file\file.vcxproj" on node 2 (build target(s)).
     1>InitializeBuildStatus:
         Creating "Debug\file.unsuccessfulbuild" because "AlwaysCreate" was specified.
       ClCompile:
         All outputs are up-to-date.
         C:\Program Files (x86)\Microsoft Visual Studio 10.0\VC\bin\CL.exe /c /ZI /nologo /W3 /WX- /Od /Oy- /D WIN32 /D _DEBUG /D _CONSOLE /D _UNICODE /D UNICODE /Gm /EHsc /RTC1 /MDd /GS /fp:precise /Zc:wchar_t /Zc:forScope /Yu"StdAfx.h" /Fp"Debug\file.pch" /Fo"Debug\\" /Fd"Debug\vc100.pdb" /Gd /TP /analyze- /errorReport:prompt file.cpp
         file.cpp
     1>u:\github\solver_4_2\file\file\file.cpp(16): warning C4996: 'fopen': This function or variable may be unsafe. Consider using fopen_s instead. To disable deprecation, use _CRT_SECURE_NO_WARNINGS. See online help for details.
                 c:\program files (x86)\microsoft visual studio 10.0\vc\include\stdio.h(234) : see declaration of 'fopen'
     1>u:\github\solver_4_2\file\file\file.cpp(19): warning C4996: 'getch': The POSIX name for this item is deprecated. Instead, use the ISO C++ conformant name: _getch. See online help for details.
                 c:\program files (x86)\microsoft visual studio 10.0\vc\include\conio.h(128) : see declaration of 'getch'
     1>u:\github\solver_4_2\file\file\file.cpp(24): warning C4996: 'getch': The POSIX name for this item is deprecated. Instead, use the ISO C++ conformant name: _getch. See online help for details.
                 c:\program files (x86)\microsoft visual studio 10.0\vc\include\conio.h(128) : see declaration of 'getch'
     1>u:\github\solver_4_2\file\file\file.cpp(13): warning C4101: 's' : unreferenced local variable
       ManifestResourceCompile:
         All outputs are up-to-date.
       Link:
         C:\Program Files (x86)\Microsoft Visual Studio 10.0\VC\bin\link.exe /ERRORREPORT:PROMPT /OUT:"U:\GitHub\Solver_4_2\file\Debug\file.exe" /INCREMENTAL /NOLOGO kernel32.lib user32.lib gdi32.lib winspool.lib comdlg32.lib advapi32.lib shell32.lib ole32.lib oleaut32.lib uuid.lib odbc32.lib odbccp32.lib /MANIFEST /ManifestFile:"Debug\file.exe.intermediate.manifest" /MANIFESTUAC:"level='asInvoker' uiAccess='false'" /DEBUG /PDB:"U:\GitHub\Solver_4_2\file\Debug\file.pdb" /SUBSYSTEM:CONSOLE /TLBID:1 /DYNAMICBASE /NXCOMPAT /IMPLIB:"U:\GitHub\Solver_4_2\file\Debug\file.lib" /MACHINE:X86 Debug\file.exe.embed.manifest.res
         Debug\file.obj
         Debug\stdafx.obj
       Manifest:
         C:\Program Files (x86)\Microsoft SDKs\Windows\v7.0A\bin\mt.exe /nologo /verbose /out:"Debug\file.exe.embed.manifest" /manifest Debug\file.exe.intermediate.manifest
         All outputs are up-to-date.
       LinkEmbedManifest:
         All outputs are up-to-date.
         file.vcxproj -> U:\GitHub\Solver_4_2\file\Debug\file.exe
       FinalizeBuildStatus:
         Deleting file "Debug\file.unsuccessfulbuild".
         Touching "Debug\file.lastbuildstate".
     1>Done Building Project "U:\GitHub\Solver_4_2\file\file\file.vcxproj" (build target(s)).

Build succeeded.

Time Elapsed 00:00:02.49
